0 info it worked if it ends with ok
1 verbose cli [ '/usr/bin/nodejs', '/usr/local/bin/npm', 'start' ]
2 info using npm@3.10.3
3 info using node@v6.7.0
4 verbose run-script [ 'prestart', 'start', 'poststart' ]
5 info lifecycle mean-es6@0.0.1~prestart: mean-es6@0.0.1
6 silly lifecycle mean-es6@0.0.1~prestart: no script for prestart, continuing
7 info lifecycle mean-es6@0.0.1~start: mean-es6@0.0.1
8 verbose lifecycle mean-es6@0.0.1~start: unsafe-perm in lifecycle true
<<<<<<< HEAD
9 verbose lifecycle mean-es6@0.0.1~start: PATH: /usr/local/lib/node_modules/npm/bin/node-gyp-bin:/home/monachon/Bureau/Projets/Escape_Game/escape/node_modules/.bin:/home/monachon/.rbenv/plugins/ruby-build/bin:/home/monachon/.rbenv/shims:/home/monachon/.rbenv/bin:/home/monachon/bin:/home/monachon/.local/bin:/usr/local/sbin:/usr/local/bin:/usr/sbin:/usr/bin:/sbin:/bin:/usr/games:/usr/local/games:/snap/bin
10 verbose lifecycle mean-es6@0.0.1~start: CWD: /home/monachon/Bureau/Projets/Escape_Game/escape
=======
9 verbose lifecycle mean-es6@0.0.1~start: PATH: /usr/local/lib/node_modules/npm/bin/node-gyp-bin:/home/darkv/Documents/laloupe-0916-escapegame/node_modules/.bin:/usr/bin:/home/darkv/.rvm/gems/ruby-2.3.0/bin:/home/darkv/.rvm/gems/ruby-2.3.0@global/bin:/home/darkv/.rvm/rubies/ruby-2.3.0/bin:/usr/local/sbin:/usr/local/bin:/usr/sbin:/usr/bin:/sbin:/bin:/usr/games:/usr/local/games:/snap/bin:/home/darkv/.rvm/bin:/snap/bin:/home/darkv/.rvm/bin:/home/darkv/.rvm/bin
10 verbose lifecycle mean-es6@0.0.1~start: CWD: /home/darkv/Documents/laloupe-0916-escapegame
>>>>>>> 1bfa23d35938b1b3c872cc43b2b918f3c2071db7
11 silly lifecycle mean-es6@0.0.1~start: Args: [ '-c', 'babel-node index.js' ]
12 silly lifecycle mean-es6@0.0.1~start: Returned: code: 126  signal: null
13 info lifecycle mean-es6@0.0.1~start: Failed to exec start script
14 verbose stack Error: mean-es6@0.0.1 start: `babel-node index.js`
<<<<<<< HEAD
14 verbose stack Exit status 126
14 verbose stack     at EventEmitter.<anonymous> (/usr/local/lib/node_modules/npm/lib/utils/lifecycle.js:255:16)
=======
14 verbose stack Exit status 1
14 verbose stack     at EventEmitter.<anonymous> (/usr/local/lib/node_modules/npm/lib/utils/lifecycle.js:242:16)
>>>>>>> 1bfa23d35938b1b3c872cc43b2b918f3c2071db7
14 verbose stack     at emitTwo (events.js:106:13)
14 verbose stack     at EventEmitter.emit (events.js:191:7)
14 verbose stack     at ChildProcess.<anonymous> (/usr/local/lib/node_modules/npm/lib/utils/spawn.js:40:14)
14 verbose stack     at emitTwo (events.js:106:13)
14 verbose stack     at ChildProcess.emit (events.js:191:7)
14 verbose stack     at maybeClose (internal/child_process.js:877:16)
14 verbose stack     at Process.ChildProcess._handle.onexit (internal/child_process.js:226:5)
15 verbose pkgid mean-es6@0.0.1
<<<<<<< HEAD
16 verbose cwd /home/monachon/Bureau/Projets/Escape_Game/escape
17 error Linux 4.4.0-43-generic
18 error argv "/usr/local/bin/node" "/usr/local/bin/npm" "start"
19 error node v6.6.0
20 error npm  v3.10.7
=======
16 verbose cwd /home/darkv/Documents/laloupe-0916-escapegame
17 error Linux 4.4.0-42-generic
18 error argv "/usr/bin/nodejs" "/usr/local/bin/npm" "start"
19 error node v6.7.0
20 error npm  v3.10.3
>>>>>>> 1bfa23d35938b1b3c872cc43b2b918f3c2071db7
21 error code ELIFECYCLE
22 error mean-es6@0.0.1 start: `babel-node index.js`
22 error Exit status 126
23 error Failed at the mean-es6@0.0.1 start script 'babel-node index.js'.
23 error Make sure you have the latest version of node.js and npm installed.
23 error If you do, this is most likely a problem with the mean-es6 package,
23 error not with npm itself.
23 error Tell the author that this fails on your system:
23 error     babel-node index.js
23 error You can get information on how to open an issue for this project with:
23 error     npm bugs mean-es6
23 error Or if that isn't available, you can get their info via:
23 error     npm owner ls mean-es6
23 error There is likely additional logging output above.
24 verbose exit [ 1, true ]
